18:01:38 **** Build of configuration Debug for project STM32 ****
make -j8 all 
arm-none-eabi-gcc "../Drivers/STM32F4xx_HAL_Driver/Src/stm32f4xx_hal.c" -mcpu=cortex-m4 -std=gnu11 -g3 -DDEBUG -DUSE_HAL_DRIVER -DSTM32F411xE -c -I../Core/Inc -I../Drivers/STM32F4xx_HAL_Driver/Inc -I../Drivers/STM32F4xx_HAL_Driver/Inc/Legacy -I../Drivers/CMSIS/Device/ST/STM32F4xx/Include -I../Drivers/CMSIS/Include -O0 -ffunction-sections -fdata-sections -Wall -fstack-usage -fcyclomatic-complexity -MMD -MP -MF"Drivers/STM32F4xx_HAL_Driver/Src/stm32f4xx_hal.d" -MT"Drivers/STM32F4xx_HAL_Driver/Src/stm32f4xx_hal.o" --specs=nano.specs -mfpu=fpv4-sp-d16 -mfloat-abi=hard -mthumb -o "Drivers/STM32F4xx_HAL_Driver/Src/stm32f4xx_hal.o"
arm-none-eabi-gcc "../Drivers/STM32F4xx_HAL_Driver/Src/stm32f4xx_hal_cortex.c" -mcpu=cortex-m4 -std=gnu11 -g3 -DDEBUG -DUSE_HAL_DRIVER -DSTM32F411xE -c -I../Core/Inc -I../Drivers/STM32F4xx_HAL_Driver/Inc -I../Drivers/STM32F4xx_HAL_Driver/Inc/Legacy -I../Drivers/CMSIS/Device/ST/STM32F4xx/Include -I../Drivers/CMSIS/Include -O0 -ffunction-sections -fdata-sections -Wall -fstack-usage -fcyclomatic-complexity -MMD -MP -MF"Drivers/STM32F4xx_HAL_Driver/Src/stm32f4xx_hal_cortex.d" -MT"Drivers/STM32F4xx_HAL_Driver/Src/stm32f4xx_hal_cortex.o" --specs=nano.specs -mfpu=fpv4-sp-d16 -mfloat-abi=hard -mthumb -o "Drivers/STM32F4xx_HAL_Driver/Src/stm32f4xx_hal_cortex.o"
arm-none-eabi-gcc "../Drivers/STM32F4xx_HAL_Driver/Src/stm32f4xx_hal_dma.c" -mcpu=cortex-m4 -std=gnu11 -g3 -DDEBUG -DUSE_HAL_DRIVER -DSTM32F411xE -c -I../Core/Inc -I../Drivers/STM32F4xx_HAL_Driver/Inc -I../Drivers/STM32F4xx_HAL_Driver/Inc/Legacy -I../Drivers/CMSIS/Device/ST/STM32F4xx/Include -I../Drivers/CMSIS/Include -O0 -ffunction-sections -fdata-sections -Wall -fstack-usage -fcyclomatic-complexity -MMD -MP -MF"Drivers/STM32F4xx_HAL_Driver/Src/stm32f4xx_hal_dma.d" -MT"Drivers/STM32F4xx_HAL_Driver/Src/stm32f4xx_hal_dma.o" --specs=nano.specs -mfpu=fpv4-sp-d16 -mfloat-abi=hard -mthumb -o "Drivers/STM32F4xx_HAL_Driver/Src/stm32f4xx_hal_dma.o"
arm-none-eabi-gcc "../Drivers/STM32F4xx_HAL_Driver/Src/stm32f4xx_hal_dma_ex.c" -mcpu=cortex-m4 -std=gnu11 -g3 -DDEBUG -DUSE_HAL_DRIVER -DSTM32F411xE -c -I../Core/Inc -I../Drivers/STM32F4xx_HAL_Driver/Inc -I../Drivers/STM32F4xx_HAL_Driver/Inc/Legacy -I../Drivers/CMSIS/Device/ST/STM32F4xx/Include -I../Drivers/CMSIS/Include -O0 -ffunction-sections -fdata-sections -Wall -fstack-usage -fcyclomatic-complexity -MMD -MP -MF"Drivers/STM32F4xx_HAL_Driver/Src/stm32f4xx_hal_dma_ex.d" -MT"Drivers/STM32F4xx_HAL_Driver/Src/stm32f4xx_hal_dma_ex.o" --specs=nano.specs -mfpu=fpv4-sp-d16 -mfloat-abi=hard -mthumb -o "Drivers/STM32F4xx_HAL_Driver/Src/stm32f4xx_hal_dma_ex.o"
arm-none-eabi-gcc "../Drivers/STM32F4xx_HAL_Driver/Src/stm32f4xx_hal_exti.c" -mcpu=cortex-m4 -std=gnu11 -g3 -DDEBUG -DUSE_HAL_DRIVER -DSTM32F411xE -c -I../Core/Inc -I../Drivers/STM32F4xx_HAL_Driver/Inc -I../Drivers/STM32F4xx_HAL_Driver/Inc/Legacy -I../Drivers/CMSIS/Device/ST/STM32F4xx/Include -I../Drivers/CMSIS/Include -O0 -ffunction-sections -fdata-sections -Wall -fstack-usage -fcyclomatic-complexity -MMD -MP -MF"Drivers/STM32F4xx_HAL_Driver/Src/stm32f4xx_hal_exti.d" -MT"Drivers/STM32F4xx_HAL_Driver/Src/stm32f4xx_hal_exti.o" --specs=nano.specs -mfpu=fpv4-sp-d16 -mfloat-abi=hard -mthumb -o "Drivers/STM32F4xx_HAL_Driver/Src/stm32f4xx_hal_exti.o"
arm-none-eabi-gcc "../Drivers/STM32F4xx_HAL_Driver/Src/stm32f4xx_hal_flash.c" -mcpu=cortex-m4 -std=gnu11 -g3 -DDEBUG -DUSE_HAL_DRIVER -DSTM32F411xE -c -I../Core/Inc -I../Drivers/STM32F4xx_HAL_Driver/Inc -I../Drivers/STM32F4xx_HAL_Driver/Inc/Legacy -I../Drivers/CMSIS/Device/ST/STM32F4xx/Include -I../Drivers/CMSIS/Include -O0 -ffunction-sections -fdata-sections -Wall -fstack-usage -fcyclomatic-complexity -MMD -MP -MF"Drivers/STM32F4xx_HAL_Driver/Src/stm32f4xx_hal_flash.d" -MT"Drivers/STM32F4xx_HAL_Driver/Src/stm32f4xx_hal_flash.o" --specs=nano.specs -mfpu=fpv4-sp-d16 -mfloat-abi=hard -mthumb -o "Drivers/STM32F4xx_HAL_Driver/Src/stm32f4xx_hal_flash.o"
arm-none-eabi-gcc "../Drivers/STM32F4xx_HAL_Driver/Src/stm32f4xx_hal_flash_ex.c" -mcpu=cortex-m4 -std=gnu11 -g3 -DDEBUG -DUSE_HAL_DRIVER -DSTM32F411xE -c -I../Core/Inc -I../Drivers/STM32F4xx_HAL_Driver/Inc -I../Drivers/STM32F4xx_HAL_Driver/Inc/Legacy -I../Drivers/CMSIS/Device/ST/STM32F4xx/Include -I../Drivers/CMSIS/Include -O0 -ffunction-sections -fdata-sections -Wall -fstack-usage -fcyclomatic-complexity -MMD -MP -MF"Drivers/STM32F4xx_HAL_Driver/Src/stm32f4xx_hal_flash_ex.d" -MT"Drivers/STM32F4xx_HAL_Driver/Src/stm32f4xx_hal_flash_ex.o" --specs=nano.specs -mfpu=fpv4-sp-d16 -mfloat-abi=hard -mthumb -o "Drivers/STM32F4xx_HAL_Driver/Src/stm32f4xx_hal_flash_ex.o"
arm-none-eabi-gcc "../Drivers/STM32F4xx_HAL_Driver/Src/stm32f4xx_hal_flash_ramfunc.c" -mcpu=cortex-m4 -std=gnu11 -g3 -DDEBUG -DUSE_HAL_DRIVER -DSTM32F411xE -c -I../Core/Inc -I../Drivers/STM32F4xx_HAL_Driver/Inc -I../Drivers/STM32F4xx_HAL_Driver/Inc/Legacy -I../Drivers/CMSIS/Device/ST/STM32F4xx/Include -I../Drivers/CMSIS/Include -O0 -ffunction-sections -fdata-sections -Wall -fstack-usage -fcyclomatic-complexity -MMD -MP -MF"Drivers/STM32F4xx_HAL_Driver/Src/stm32f4xx_hal_flash_ramfunc.d" -MT"Drivers/STM32F4xx_HAL_Driver/Src/stm32f4xx_hal_flash_ramfunc.o" --specs=nano.specs -mfpu=fpv4-sp-d16 -mfloat-abi=hard -mthumb -o "Drivers/STM32F4xx_HAL_Driver/Src/stm32f4xx_hal_flash_ramfunc.o"
arm-none-eabi-gcc "../Drivers/STM32F4xx_HAL_Driver/Src/stm32f4xx_hal_gpio.c" -mcpu=cortex-m4 -std=gnu11 -g3 -DDEBUG -DUSE_HAL_DRIVER -DSTM32F411xE -c -I../Core/Inc -I../Drivers/STM32F4xx_HAL_Driver/Inc -I../Drivers/STM32F4xx_HAL_Driver/Inc/Legacy -I../Drivers/CMSIS/Device/ST/STM32F4xx/Include -I../Drivers/CMSIS/Include -O0 -ffunction-sections -fdata-sections -Wall -fstack-usage -fcyclomatic-complexity -MMD -MP -MF"Drivers/STM32F4xx_HAL_Driver/Src/stm32f4xx_hal_gpio.d" -MT"Drivers/STM32F4xx_HAL_Driver/Src/stm32f4xx_hal_gpio.o" --specs=nano.specs -mfpu=fpv4-sp-d16 -mfloat-abi=hard -mthumb -o "Drivers/STM32F4xx_HAL_Driver/Src/stm32f4xx_hal_gpio.o"
arm-none-eabi-gcc "../Drivers/STM32F4xx_HAL_Driver/Src/stm32f4xx_hal_pwr.c" -mcpu=cortex-m4 -std=gnu11 -g3 -DDEBUG -DUSE_HAL_DRIVER -DSTM32F411xE -c -I../Core/Inc -I../Drivers/STM32F4xx_HAL_Driver/Inc -I../Drivers/STM32F4xx_HAL_Driver/Inc/Legacy -I../Drivers/CMSIS/Device/ST/STM32F4xx/Include -I../Drivers/CMSIS/Include -O0 -ffunction-sections -fdata-sections -Wall -fstack-usage -fcyclomatic-complexity -MMD -MP -MF"Drivers/STM32F4xx_HAL_Driver/Src/stm32f4xx_hal_pwr.d" -MT"Drivers/STM32F4xx_HAL_Driver/Src/stm32f4xx_hal_pwr.o" --specs=nano.specs -mfpu=fpv4-sp-d16 -mfloat-abi=hard -mthumb -o "Drivers/STM32F4xx_HAL_Driver/Src/stm32f4xx_hal_pwr.o"
arm-none-eabi-gcc "../Drivers/STM32F4xx_HAL_Driver/Src/stm32f4xx_hal_pwr_ex.c" -mcpu=cortex-m4 -std=gnu11 -g3 -DDEBUG -DUSE_HAL_DRIVER -DSTM32F411xE -c -I../Core/Inc -I../Drivers/STM32F4xx_HAL_Driver/Inc -I../Drivers/STM32F4xx_HAL_Driver/Inc/Legacy -I../Drivers/CMSIS/Device/ST/STM32F4xx/Include -I../Drivers/CMSIS/Include -O0 -ffunction-sections -fdata-sections -Wall -fstack-usage -fcyclomatic-complexity -MMD -MP -MF"Drivers/STM32F4xx_HAL_Driver/Src/stm32f4xx_hal_pwr_ex.d" -MT"Drivers/STM32F4xx_HAL_Driver/Src/stm32f4xx_hal_pwr_ex.o" --specs=nano.specs -mfpu=fpv4-sp-d16 -mfloat-abi=hard -mthumb -o "Drivers/STM32F4xx_HAL_Driver/Src/stm32f4xx_hal_pwr_ex.o"
arm-none-eabi-gcc "../Drivers/STM32F4xx_HAL_Driver/Src/stm32f4xx_hal_rcc.c" -mcpu=cortex-m4 -std=gnu11 -g3 -DDEBUG -DUSE_HAL_DRIVER -DSTM32F411xE -c -I../Core/Inc -I../Drivers/STM32F4xx_HAL_Driver/Inc -I../Drivers/STM32F4xx_HAL_Driver/Inc/Legacy -I../Drivers/CMSIS/Device/ST/STM32F4xx/Include -I../Drivers/CMSIS/Include -O0 -ffunction-sections -fdata-sections -Wall -fstack-usage -fcyclomatic-complexity -MMD -MP -MF"Drivers/STM32F4xx_HAL_Driver/Src/stm32f4xx_hal_rcc.d" -MT"Drivers/STM32F4xx_HAL_Driver/Src/stm32f4xx_hal_rcc.o" --specs=nano.specs -mfpu=fpv4-sp-d16 -mfloat-abi=hard -mthumb -o "Drivers/STM32F4xx_HAL_Driver/Src/stm32f4xx_hal_rcc.o"
arm-none-eabi-gcc "../Drivers/STM32F4xx_HAL_Driver/Src/stm32f4xx_hal_rcc_ex.c" -mcpu=cortex-m4 -std=gnu11 -g3 -DDEBUG -DUSE_HAL_DRIVER -DSTM32F411xE -c -I../Core/Inc -I../Drivers/STM32F4xx_HAL_Driver/Inc -I../Drivers/STM32F4xx_HAL_Driver/Inc/Legacy -I../Drivers/CMSIS/Device/ST/STM32F4xx/Include -I../Drivers/CMSIS/Include -O0 -ffunction-sections -fdata-sections -Wall -fstack-usage -fcyclomatic-complexity -MMD -MP -MF"Drivers/STM32F4xx_HAL_Driver/Src/stm32f4xx_hal_rcc_ex.d" -MT"Drivers/STM32F4xx_HAL_Driver/Src/stm32f4xx_hal_rcc_ex.o" --specs=nano.specs -mfpu=fpv4-sp-d16 -mfloat-abi=hard -mthumb -o "Drivers/STM32F4xx_HAL_Driver/Src/stm32f4xx_hal_rcc_ex.o"
arm-none-eabi-gcc "../Drivers/STM32F4xx_HAL_Driver/Src/stm32f4xx_hal_tim.c" -mcpu=cortex-m4 -std=gnu11 -g3 -DDEBUG -DUSE_HAL_DRIVER -DSTM32F411xE -c -I../Core/Inc -I../Drivers/STM32F4xx_HAL_Driver/Inc -I../Drivers/STM32F4xx_HAL_Driver/Inc/Legacy -I../Drivers/CMSIS/Device/ST/STM32F4xx/Include -I../Drivers/CMSIS/Include -O0 -ffunction-sections -fdata-sections -Wall -fstack-usage -fcyclomatic-complexity -MMD -MP -MF"Drivers/STM32F4xx_HAL_Driver/Src/stm32f4xx_hal_tim.d" -MT"Drivers/STM32F4xx_HAL_Driver/Src/stm32f4xx_hal_tim.o" --specs=nano.specs -mfpu=fpv4-sp-d16 -mfloat-abi=hard -mthumb -o "Drivers/STM32F4xx_HAL_Driver/Src/stm32f4xx_hal_tim.o"
arm-none-eabi-gcc "../Drivers/STM32F4xx_HAL_Driver/Src/stm32f4xx_hal_tim_ex.c" -mcpu=cortex-m4 -std=gnu11 -g3 -DDEBUG -DUSE_HAL_DRIVER -DSTM32F411xE -c -I../Core/Inc -I../Drivers/STM32F4xx_HAL_Driver/Inc -I../Drivers/STM32F4xx_HAL_Driver/Inc/Legacy -I../Drivers/CMSIS/Device/ST/STM32F4xx/Include -I../Drivers/CMSIS/Include -O0 -ffunction-sections -fdata-sections -Wall -fstack-usage -fcyclomatic-complexity -MMD -MP -MF"Drivers/STM32F4xx_HAL_Driver/Src/stm32f4xx_hal_tim_ex.d" -MT"Drivers/STM32F4xx_HAL_Driver/Src/stm32f4xx_hal_tim_ex.o" --specs=nano.specs -mfpu=fpv4-sp-d16 -mfloat-abi=hard -mthumb -o "Drivers/STM32F4xx_HAL_Driver/Src/stm32f4xx_hal_tim_ex.o"
arm-none-eabi-gcc "../Drivers/STM32F4xx_HAL_Driver/Src/stm32f4xx_hal_uart.c" -mcpu=cortex-m4 -std=gnu11 -g3 -DDEBUG -DUSE_HAL_DRIVER -DSTM32F411xE -c -I../Core/Inc -I../Drivers/STM32F4xx_HAL_Driver/Inc -I../Drivers/STM32F4xx_HAL_Driver/Inc/Legacy -I../Drivers/CMSIS/Device/ST/STM32F4xx/Include -I../Drivers/CMSIS/Include -O0 -ffunction-sections -fdata-sections -Wall -fstack-usage -fcyclomatic-complexity -MMD -MP -MF"Drivers/STM32F4xx_HAL_Driver/Src/stm32f4xx_hal_uart.d" -MT"Drivers/STM32F4xx_HAL_Driver/Src/stm32f4xx_hal_uart.o" --specs=nano.specs -mfpu=fpv4-sp-d16 -mfloat-abi=hard -mthumb -o "Drivers/STM32F4xx_HAL_Driver/Src/stm32f4xx_hal_uart.o"
arm-none-eabi-gcc -mcpu=cortex-m4 -g3 -DDEBUG -c -x assembler-with-cpp -MMD -MP -MF"Core/Startup/startup_stm32f411retx.d" -MT"Core/Startup/startup_stm32f411retx.o" --specs=nano.specs -mfpu=fpv4-sp-d16 -mfloat-abi=hard -mthumb -o "Core/Startup/startup_stm32f411retx.o" "../Core/Startup/startup_stm32f411retx.s"
arm-none-eabi-gcc "../Core/Src/main.c" -mcpu=cortex-m4 -std=gnu11 -g3 -DDEBUG -DUSE_HAL_DRIVER -DSTM32F411xE -c -I../Core/Inc -I../Drivers/STM32F4xx_HAL_Driver/Inc -I../Drivers/STM32F4xx_HAL_Driver/Inc/Legacy -I../Drivers/CMSIS/Device/ST/STM32F4xx/Include -I../Drivers/CMSIS/Include -O0 -ffunction-sections -fdata-sections -Wall -fstack-usage -fcyclomatic-complexity -MMD -MP -MF"Core/Src/main.d" -MT"Core/Src/main.o" --specs=nano.specs -mfpu=fpv4-sp-d16 -mfloat-abi=hard -mthumb -o "Core/Src/main.o"
arm-none-eabi-gcc "../Core/Src/stm32f4xx_hal_msp.c" -mcpu=cortex-m4 -std=gnu11 -g3 -DDEBUG -DUSE_HAL_DRIVER -DSTM32F411xE -c -I../Core/Inc -I../Drivers/STM32F4xx_HAL_Driver/Inc -I../Drivers/STM32F4xx_HAL_Driver/Inc/Legacy -I../Drivers/CMSIS/Device/ST/STM32F4xx/Include -I../Drivers/CMSIS/Include -O0 -ffunction-sections -fdata-sections -Wall -fstack-usage -fcyclomatic-complexity -MMD -MP -MF"Core/Src/stm32f4xx_hal_msp.d" -MT"Core/Src/stm32f4xx_hal_msp.o" --specs=nano.specs -mfpu=fpv4-sp-d16 -mfloat-abi=hard -mthumb -o "Core/Src/stm32f4xx_hal_msp.o"
arm-none-eabi-gcc "../Core/Src/stm32f4xx_it.c" -mcpu=cortex-m4 -std=gnu11 -g3 -DDEBUG -DUSE_HAL_DRIVER -DSTM32F411xE -c -I../Core/Inc -I../Drivers/STM32F4xx_HAL_Driver/Inc -I../Drivers/STM32F4xx_HAL_Driver/Inc/Legacy -I../Drivers/CMSIS/Device/ST/STM32F4xx/Include -I../Drivers/CMSIS/Include -O0 -ffunction-sections -fdata-sections -Wall -fstack-usage -fcyclomatic-complexity -MMD -MP -MF"Core/Src/stm32f4xx_it.d" -MT"Core/Src/stm32f4xx_it.o" --specs=nano.specs -mfpu=fpv4-sp-d16 -mfloat-abi=hard -mthumb -o "Core/Src/stm32f4xx_it.o"
arm-none-eabi-gcc "../Core/Src/syscalls.c" -mcpu=cortex-m4 -std=gnu11 -g3 -DDEBUG -DUSE_HAL_DRIVER -DSTM32F411xE -c -I../Core/Inc -I../Drivers/STM32F4xx_HAL_Driver/Inc -I../Drivers/STM32F4xx_HAL_Driver/Inc/Legacy -I../Drivers/CMSIS/Device/ST/STM32F4xx/Include -I../Drivers/CMSIS/Include -O0 -ffunction-sections -fdata-sections -Wall -fstack-usage -fcyclomatic-complexity -MMD -MP -MF"Core/Src/syscalls.d" -MT"Core/Src/syscalls.o" --specs=nano.specs -mfpu=fpv4-sp-d16 -mfloat-abi=hard -mthumb -o "Core/Src/syscalls.o"
arm-none-eabi-gcc "../Core/Src/sysmem.c" -mcpu=cortex-m4 -std=gnu11 -g3 -DDEBUG -DUSE_HAL_DRIVER -DSTM32F411xE -c -I../Core/Inc -I../Drivers/STM32F4xx_HAL_Driver/Inc -I../Drivers/STM32F4xx_HAL_Driver/Inc/Legacy -I../Drivers/CMSIS/Device/ST/STM32F4xx/Include -I../Drivers/CMSIS/Include -O0 -ffunction-sections -fdata-sections -Wall -fstack-usage -fcyclomatic-complexity -MMD -MP -MF"Core/Src/sysmem.d" -MT"Core/Src/sysmem.o" --specs=nano.specs -mfpu=fpv4-sp-d16 -mfloat-abi=hard -mthumb -o "Core/Src/sysmem.o"
arm-none-eabi-gcc "../Core/Src/system_stm32f4xx.c" -mcpu=cortex-m4 -std=gnu11 -g3 -DDEBUG -DUSE_HAL_DRIVER -DSTM32F411xE -c -I../Core/Inc -I../Drivers/STM32F4xx_HAL_Driver/Inc -I../Drivers/STM32F4xx_HAL_Driver/Inc/Legacy -I../Drivers/CMSIS/Device/ST/STM32F4xx/Include -I../Drivers/CMSIS/Include -O0 -ffunction-sections -fdata-sections -Wall -fstack-usage -fcyclomatic-complexity -MMD -MP -MF"Core/Src/system_stm32f4xx.d" -MT"Core/Src/system_stm32f4xx.o" --specs=nano.specs -mfpu=fpv4-sp-d16 -mfloat-abi=hard -mthumb -o "Core/Src/system_stm32f4xx.o"
../Core/Src/main.c:52:1: error: unknown type name 'ADC_HandleTypeDef'; did you mean 'UART_HandleTypeDef'?
   52 | ADC_HandleTypeDef hadc1;
      | ^~~~~~~~~~~~~~~~~
      | UART_HandleTypeDef
../Core/Src/main.c:54:1: error: unknown type name 'TIM_HandleTypeDef'; did you mean 'DMA_HandleTypeDef'?
   54 | TIM_HandleTypeDef htim1;
      | ^~~~~~~~~~~~~~~~~
      | DMA_HandleTypeDef
../Core/Src/main.c:55:1: error: unknown type name 'TIM_HandleTypeDef'; did you mean 'DMA_HandleTypeDef'?
   55 | TIM_HandleTypeDef htim2;
      | ^~~~~~~~~~~~~~~~~
      | DMA_HandleTypeDef
../Core/Src/main.c:56:1: error: unknown type name 'TIM_HandleTypeDef'; did you mean 'DMA_HandleTypeDef'?
   56 | TIM_HandleTypeDef htim3;
      | ^~~~~~~~~~~~~~~~~
      | DMA_HandleTypeDef
../Core/Src/main.c: In function 'microDelay':
../Core/Src/main.c:97:3: warning: implicit declaration of function '__HAL_TIM_SET_COUNTER' [-Wimplicit-function-declaration]
   97 |   __HAL_TIM_SET_COUNTER(&htim1, 0);
      |   ^~~~~~~~~~~~~~~~~~~~~
../Core/Src/main.c:98:10: warning: implicit declaration of function '__HAL_TIM_GET_COUNTER' [-Wimplicit-function-declaration]
   98 |   while (__HAL_TIM_GET_COUNTER(&htim1) < delay);
      |          ^~~~~~~~~~~~~~~~~~~~~
../Core/Src/main.c: In function 'main':
../Core/Src/main.c:194:3: warning: implicit declaration of function 'HAL_TIM_Base_Start' [-Wimplicit-function-declaration]
  194 |   HAL_TIM_Base_Start(&htim2);
      |   ^~~~~~~~~~~~~~~~~~
../Core/Src/main.c:216:6: warning: implicit declaration of function 'HAL_ADC_Start'; did you mean 'HAL_DMA_Start'? [-Wimplicit-function-declaration]
  216 |      HAL_ADC_Start(&hadc1);
      |      ^~~~~~~~~~~~~
      |      HAL_DMA_Start
../Core/Src/main.c:217:10: warning: implicit declaration of function 'HAL_ADC_PollForConversion' [-Wimplicit-function-declaration]
  217 |      if (HAL_ADC_PollForConversion(&hadc1, 10) == HAL_OK)
      |          ^~~~~~~~~~~~~~~~~~~~~~~~~
../Core/Src/main.c:219:21: warning: implicit declaration of function 'HAL_ADC_GetValue' [-Wimplicit-function-declaration]
  219 |        voMeasured = HAL_ADC_GetValue(&hadc1);
      |                     ^~~~~~~~~~~~~~~~
../Core/Src/main.c:237:6: warning: implicit declaration of function 'sprintf' [-Wimplicit-function-declaration]
  237 |      sprintf(buf, "%d ug/m3\r", dustDensity);
      |      ^~~~~~~
../Core/Src/main.c:237:6: warning: incompatible implicit declaration of built-in function 'sprintf'
../Core/Src/main.c:21:1: note: include '<stdio.h>' or provide a declaration of 'sprintf'
   20 | #include "main.h"
  +++ |+#include <stdio.h>
   21 | 
../Core/Src/main.c:238:48: warning: implicit declaration of function 'strlen' [-Wimplicit-function-declaration]
  238 |      HAL_UART_Transmit(&huart2, (uint8_t*)buf, strlen(buf), 100);
      |                                                ^~~~~~
../Core/Src/main.c:238:48: warning: incompatible implicit declaration of built-in function 'strlen'
../Core/Src/main.c:21:1: note: include '<string.h>' or provide a declaration of 'strlen'
   20 | #include "main.h"
  +++ |+#include <string.h>
   21 | 
../Core/Src/main.c:261:34: warning: pointer targets in passing argument 2 of 'HAL_UART_Transmit' differ in signedness [-Wpointer-sign]
  261 |       HAL_UART_Transmit(&huart2, out, 6, 100);
      |                                  ^~~
      |                                  |
      |                                  char *
In file included from ../Core/Inc/stm32f4xx_hal_conf.h:411,
                 from ../Drivers/STM32F4xx_HAL_Driver/Inc/stm32f4xx_hal.h:29,
                 from ../Core/Inc/main.h:30,
                 from ../Core/Src/main.c:20:
../Drivers/STM32F4xx_HAL_Driver/Inc/stm32f4xx_hal_uart.h:722:79: note: expected 'const uint8_t *' {aka 'const unsigned char *'} but argument is of type 'char *'
  722 | HAL_StatusTypeDef HAL_UART_Transmit(UART_HandleTypeDef *huart, const uint8_t *pData, uint16_t Size, uint32_t Timeout);
      |                                                                ~~~~~~~~~~~~~~~^~~~~
../Core/Src/main.c:270:6: warning: implicit declaration of function 'HAL_ADC_Stop'; did you mean 'HAL_UART_DMAStop'? [-Wimplicit-function-declaration]
  270 |      HAL_ADC_Stop(&hadc1);
      |      ^~~~~~~~~~~~
      |      HAL_UART_DMAStop
../Core/Src/main.c: In function 'MX_ADC1_Init':
../Core/Src/main.c:339:3: error: unknown type name 'ADC_ChannelConfTypeDef'; did you mean 'ADC_Common_TypeDef'?
  339 |   ADC_ChannelConfTypeDef sConfig = {0};
      |   ^~~~~~~~~~~~~~~~~~~~~~
      |   ADC_Common_TypeDef
../Core/Src/main.c:347:8: error: request for member 'Instance' in something not a structure or union
  347 |   hadc1.Instance = ADC1;
      |        ^
../Core/Src/main.c:348:8: error: request for member 'Init' in something not a structure or union
  348 |   hadc1.Init.ClockPrescaler = ADC_CLOCK_SYNC_PCLK_DIV4;
      |        ^
../Core/Src/main.c:348:31: error: 'ADC_CLOCK_SYNC_PCLK_DIV4' undeclared (first use in this function); did you mean 'ADC_CLOCKPRESCALER_PCLK_DIV4'?
  348 |   hadc1.Init.ClockPrescaler = ADC_CLOCK_SYNC_PCLK_DIV4;
      |                               ^~~~~~~~~~~~~~~~~~~~~~~~
      |                               ADC_CLOCKPRESCALER_PCLK_DIV4
../Core/Src/main.c:348:31: note: each undeclared identifier is reported only once for each function it appears in
../Core/Src/main.c:349:8: error: request for member 'Init' in something not a structure or union
  349 |   hadc1.Init.Resolution = ADC_RESOLUTION_12B;
      |        ^
../Core/Src/main.c:349:27: error: 'ADC_RESOLUTION_12B' undeclared (first use in this function); did you mean 'ADC_RESOLUTION12b'?
  349 |   hadc1.Init.Resolution = ADC_RESOLUTION_12B;
      |                           ^~~~~~~~~~~~~~~~~~
      |                           ADC_RESOLUTION12b
../Core/Src/main.c:350:8: error: request for member 'Init' in something not a structure or union
  350 |   hadc1.Init.ScanConvMode = DISABLE;
      |        ^
../Core/Src/main.c:351:8: error: request for member 'Init' in something not a structure or union
  351 |   hadc1.Init.ContinuousConvMode = DISABLE;
      |        ^
../Core/Src/main.c:352:8: error: request for member 'Init' in something not a structure or union
  352 |   hadc1.Init.DiscontinuousConvMode = DISABLE;
      |        ^
../Core/Src/main.c:353:8: error: request for member 'Init' in something not a structure or union
  353 |   hadc1.Init.ExternalTrigConvEdge = ADC_EXTERNALTRIGCONVEDGE_NONE;
      |        ^
../Core/Src/main.c:353:37: error: 'ADC_EXTERNALTRIGCONVEDGE_NONE' undeclared (first use in this function); did you mean 'ADC_EXTERNALTRIG_EDGE_NONE'?
  353 |   hadc1.Init.ExternalTrigConvEdge = ADC_EXTERNALTRIGCONVEDGE_NONE;
      |                                     ^~~~~~~~~~~~~~~~~~~~~~~~~~~~~
      |                                     ADC_EXTERNALTRIG_EDGE_NONE
../Core/Src/main.c:354:8: error: request for member 'Init' in something not a structure or union
  354 |   hadc1.Init.ExternalTrigConv = ADC_SOFTWARE_START;
      |        ^
../Core/Src/main.c:354:33: error: 'ADC_SOFTWARE_START' undeclared (first use in this function)
  354 |   hadc1.Init.ExternalTrigConv = ADC_SOFTWARE_START;
      |                                 ^~~~~~~~~~~~~~~~~~
../Core/Src/main.c:355:8: error: request for member 'Init' in something not a structure or union
  355 |   hadc1.Init.DataAlign = ADC_DATAALIGN_RIGHT;
      |        ^
../Core/Src/main.c:355:26: error: 'ADC_DATAALIGN_RIGHT' undeclared (first use in this function)
  355 |   hadc1.Init.DataAlign = ADC_DATAALIGN_RIGHT;
      |                          ^~~~~~~~~~~~~~~~~~~
../Core/Src/main.c:356:8: error: request for member 'Init' in something not a structure or union
  356 |   hadc1.Init.NbrOfConversion = 1;
      |        ^
../Core/Src/main.c:357:8: error: request for member 'Init' in something not a structure or union
  357 |   hadc1.Init.DMAContinuousRequests = DISABLE;
      |        ^
../Core/Src/main.c:358:8: error: request for member 'Init' in something not a structure or union
  358 |   hadc1.Init.EOCSelection = ADC_EOC_SINGLE_CONV;
      |        ^
../Core/Src/main.c:358:29: error: 'ADC_EOC_SINGLE_CONV' undeclared (first use in this function); did you mean 'EOC_SINGLE_CONV'?
  358 |   hadc1.Init.EOCSelection = ADC_EOC_SINGLE_CONV;
      |                             ^~~~~~~~~~~~~~~~~~~
      |                             EOC_SINGLE_CONV
../Core/Src/main.c:359:7: warning: implicit declaration of function 'HAL_ADC_Init'; did you mean 'HAL_DeInit'? [-Wimplicit-function-declaration]
  359 |   if (HAL_ADC_Init(&hadc1) != HAL_OK)
      |       ^~~~~~~~~~~~
      |       HAL_DeInit
../Core/Src/main.c:366:10: error: request for member 'Channel' in something not a structure or union
  366 |   sConfig.Channel = ADC_CHANNEL_1;
      |          ^
../Core/Src/main.c:366:21: error: 'ADC_CHANNEL_1' undeclared (first use in this function); did you mean 'DAC2_CHANNEL_1'?
  366 |   sConfig.Channel = ADC_CHANNEL_1;
      |                     ^~~~~~~~~~~~~
      |                     DAC2_CHANNEL_1
../Core/Src/main.c:367:10: error: request for member 'Rank' in something not a structure or union
  367 |   sConfig.Rank = 1;
      |          ^
../Core/Src/main.c:368:10: error: request for member 'SamplingTime' in something not a structure or union
  368 |   sConfig.SamplingTime = ADC_SAMPLETIME_3CYCLES;
      |          ^
../Core/Src/main.c:368:26: error: 'ADC_SAMPLETIME_3CYCLES' undeclared (first use in this function); did you mean 'ADC_SAMPLETIME_2CYCLE_5'?
  368 |   sConfig.SamplingTime = ADC_SAMPLETIME_3CYCLES;
      |                          ^~~~~~~~~~~~~~~~~~~~~~
      |                          ADC_SAMPLETIME_2CYCLE_5
../Core/Src/main.c:369:7: warning: implicit declaration of function 'HAL_ADC_ConfigChannel' [-Wimplicit-function-declaration]
  369 |   if (HAL_ADC_ConfigChannel(&hadc1, &sConfig) != HAL_OK)
      |       ^~~~~~~~~~~~~~~~~~~~~
../Core/Src/main.c: In function 'MX_TIM1_Init':
../Core/Src/main.c:391:3: error: unknown type name 'TIM_ClockConfigTypeDef'; did you mean 'EXTI_ConfigTypeDef'?
  391 |   TIM_ClockConfigTypeDef sClockSourceConfig = {0};
      |   ^~~~~~~~~~~~~~~~~~~~~~
      |   EXTI_ConfigTypeDef
../Core/Src/main.c:392:3: error: unknown type name 'TIM_MasterConfigTypeDef'
  392 |   TIM_MasterConfigTypeDef sMasterConfig = {0};
      |   ^~~~~~~~~~~~~~~~~~~~~~~
../Core/Src/main.c:397:8: error: request for member 'Instance' in something not a structure or union
  397 |   htim1.Instance = TIM1;
      |        ^
../Core/Src/main.c:398:8: error: request for member 'Init' in something not a structure or union
  398 |   htim1.Init.Prescaler = 71;
      |        ^
../Core/Src/main.c:399:8: error: request for member 'Init' in something not a structure or union
  399 |   htim1.Init.CounterMode = TIM_COUNTERMODE_UP;
      |        ^
../Core/Src/main.c:399:28: error: 'TIM_COUNTERMODE_UP' undeclared (first use in this function)
  399 |   htim1.Init.CounterMode = TIM_COUNTERMODE_UP;
      |                            ^~~~~~~~~~~~~~~~~~
../Core/Src/main.c:400:8: error: request for member 'Init' in something not a structure or union
  400 |   htim1.Init.Period = 65535;
      |        ^
../Core/Src/main.c:401:8: error: request for member 'Init' in something not a structure or union
  401 |   htim1.Init.ClockDivision = TIM_CLOCKDIVISION_DIV1;
      |        ^
../Core/Src/main.c:401:30: error: 'TIM_CLOCKDIVISION_DIV1' undeclared (first use in this function)
  401 |   htim1.Init.ClockDivision = TIM_CLOCKDIVISION_DIV1;
      |                              ^~~~~~~~~~~~~~~~~~~~~~
../Core/Src/main.c:402:8: error: request for member 'Init' in something not a structure or union
  402 |   htim1.Init.RepetitionCounter = 0;
      |        ^
../Core/Src/main.c:403:8: error: request for member 'Init' in something not a structure or union
  403 |   htim1.Init.AutoReloadPreload = TIM_AUTORELOAD_PRELOAD_DISABLE;
      |        ^
../Core/Src/main.c:403:34: error: 'TIM_AUTORELOAD_PRELOAD_DISABLE' undeclared (first use in this function)
  403 |   htim1.Init.AutoReloadPreload = TIM_AUTORELOAD_PRELOAD_DISABLE;
      |                                  ^~~~~~~~~~~~~~~~~~~~~~~~~~~~~~
../Core/Src/main.c:404:7: warning: implicit declaration of function 'HAL_TIM_Base_Init' [-Wimplicit-function-declaration]
  404 |   if (HAL_TIM_Base_Init(&htim1) != HAL_OK)
      |       ^~~~~~~~~~~~~~~~~
../Core/Src/main.c:408:21: error: request for member 'ClockSource' in something not a structure or union
  408 |   sClockSourceConfig.ClockSource = TIM_CLOCKSOURCE_INTERNAL;
      |                     ^
../Core/Src/main.c:408:36: error: 'TIM_CLOCKSOURCE_INTERNAL' undeclared (first use in this function)
  408 |   sClockSourceConfig.ClockSource = TIM_CLOCKSOURCE_INTERNAL;
      |                                    ^~~~~~~~~~~~~~~~~~~~~~~~
../Core/Src/main.c:409:7: warning: implicit declaration of function 'HAL_TIM_ConfigClockSource' [-Wimplicit-function-declaration]
  409 |   if (HAL_TIM_ConfigClockSource(&htim1, &sClockSourceConfig) != HAL_OK)
      |       ^~~~~~~~~~~~~~~~~~~~~~~~~
../Core/Src/main.c:413:16: error: request for member 'MasterOutputTrigger' in something not a structure or union
  413 |   sMasterConfig.MasterOutputTrigger = TIM_TRGO_RESET;
      |                ^
../Core/Src/main.c:413:39: error: 'TIM_TRGO_RESET' undeclared (first use in this function)
  413 |   sMasterConfig.MasterOutputTrigger = TIM_TRGO_RESET;
      |                                       ^~~~~~~~~~~~~~
../Core/Src/main.c:414:16: error: request for member 'MasterSlaveMode' in something not a structure or union
  414 |   sMasterConfig.MasterSlaveMode = TIM_MASTERSLAVEMODE_DISABLE;
      |                ^
../Core/Src/main.c:414:35: error: 'TIM_MASTERSLAVEMODE_DISABLE' undeclared (first use in this function)
  414 |   sMasterConfig.MasterSlaveMode = TIM_MASTERSLAVEMODE_DISABLE;
      |                                   ^~~~~~~~~~~~~~~~~~~~~~~~~~~
../Core/Src/main.c:415:7: warning: implicit declaration of function 'HAL_TIMEx_MasterConfigSynchronization'; did you mean 'HAL_TIM_SlaveConfigSynchronization'? [-Wimplicit-function-declaration]
  415 |   if (HAL_TIMEx_MasterConfigSynchronization(&htim1, &sMasterConfig) != HAL_OK)
      |       ^~~~~~~~~~~~~~~~~~~~~~~~~~~~~~~~~~~~~
      |       HAL_TIM_SlaveConfigSynchronization
../Core/Src/main.c: In function 'MX_TIM2_Init':
../Core/Src/main.c:437:3: error: unknown type name 'TIM_ClockConfigTypeDef'; did you mean 'EXTI_ConfigTypeDef'?
  437 |   TIM_ClockConfigTypeDef sClockSourceConfig = {0};
      |   ^~~~~~~~~~~~~~~~~~~~~~
      |   EXTI_ConfigTypeDef
../Core/Src/main.c:438:3: error: unknown type name 'TIM_MasterConfigTypeDef'
  438 |   TIM_MasterConfigTypeDef sMasterConfig = {0};
      |   ^~~~~~~~~~~~~~~~~~~~~~~
../Core/Src/main.c:443:8: error: request for member 'Instance' in something not a structure or union
  443 |   htim2.Instance = TIM2;
      |        ^
../Core/Src/main.c:444:8: error: request for member 'Init' in something not a structure or union
  444 |   htim2.Init.Prescaler = 71;
      |        ^
../Core/Src/main.c:445:8: error: request for member 'Init' in something not a structure or union
  445 |   htim2.Init.CounterMode = TIM_COUNTERMODE_UP;
      |        ^
../Core/Src/main.c:445:28: error: 'TIM_COUNTERMODE_UP' undeclared (first use in this function)
  445 |   htim2.Init.CounterMode = TIM_COUNTERMODE_UP;
      |                            ^~~~~~~~~~~~~~~~~~
../Core/Src/main.c:446:8: error: request for member 'Init' in something not a structure or union
  446 |   htim2.Init.Period = 4294967295;
      |        ^
../Core/Src/main.c:447:8: error: request for member 'Init' in something not a structure or union
  447 |   htim2.Init.ClockDivision = TIM_CLOCKDIVISION_DIV1;
      |        ^
../Core/Src/main.c:447:30: error: 'TIM_CLOCKDIVISION_DIV1' undeclared (first use in this function)
  447 |   htim2.Init.ClockDivision = TIM_CLOCKDIVISION_DIV1;
      |                              ^~~~~~~~~~~~~~~~~~~~~~
../Core/Src/main.c:448:8: error: request for member 'Init' in something not a structure or union
  448 |   htim2.Init.AutoReloadPreload = TIM_AUTORELOAD_PRELOAD_DISABLE;
      |        ^
../Core/Src/main.c:448:34: error: 'TIM_AUTORELOAD_PRELOAD_DISABLE' undeclared (first use in this function)
  448 |   htim2.Init.AutoReloadPreload = TIM_AUTORELOAD_PRELOAD_DISABLE;
      |                                  ^~~~~~~~~~~~~~~~~~~~~~~~~~~~~~
../Core/Src/main.c:453:21: error: request for member 'ClockSource' in something not a structure or union
  453 |   sClockSourceConfig.ClockSource = TIM_CLOCKSOURCE_INTERNAL;
      |                     ^
../Core/Src/main.c:453:36: error: 'TIM_CLOCKSOURCE_INTERNAL' undeclared (first use in this function)
  453 |   sClockSourceConfig.ClockSource = TIM_CLOCKSOURCE_INTERNAL;
      |                                    ^~~~~~~~~~~~~~~~~~~~~~~~
../Core/Src/main.c:458:16: error: request for member 'MasterOutputTrigger' in something not a structure or union
  458 |   sMasterConfig.MasterOutputTrigger = TIM_TRGO_RESET;
      |                ^
../Core/Src/main.c:458:39: error: 'TIM_TRGO_RESET' undeclared (first use in this function)
  458 |   sMasterConfig.MasterOutputTrigger = TIM_TRGO_RESET;
      |                                       ^~~~~~~~~~~~~~
../Core/Src/main.c:459:16: error: request for member 'MasterSlaveMode' in something not a structure or union
  459 |   sMasterConfig.MasterSlaveMode = TIM_MASTERSLAVEMODE_DISABLE;
      |                ^
../Core/Src/main.c:459:35: error: 'TIM_MASTERSLAVEMODE_DISABLE' undeclared (first use in this function)
  459 |   sMasterConfig.MasterSlaveMode = TIM_MASTERSLAVEMODE_DISABLE;
      |                                   ^~~~~~~~~~~~~~~~~~~~~~~~~~~
../Core/Src/main.c: In function 'MX_TIM3_Init':
../Core/Src/main.c:482:3: error: unknown type name 'TIM_ClockConfigTypeDef'; did you mean 'EXTI_ConfigTypeDef'?
  482 |   TIM_ClockConfigTypeDef sClockSourceConfig = {0};
      |   ^~~~~~~~~~~~~~~~~~~~~~
      |   EXTI_ConfigTypeDef
../Core/Src/main.c:483:3: error: unknown type name 'TIM_MasterConfigTypeDef'
  483 |   TIM_MasterConfigTypeDef sMasterConfig = {0};
      |   ^~~~~~~~~~~~~~~~~~~~~~~
../Core/Src/main.c:488:8: error: request for member 'Instance' in something not a structure or union
  488 |   htim3.Instance = TIM3;
      |        ^
../Core/Src/main.c:489:8: error: request for member 'Init' in something not a structure or union
  489 |   htim3.Init.Prescaler = 71;
      |        ^
../Core/Src/main.c:490:8: error: request for member 'Init' in something not a structure or union
  490 |   htim3.Init.CounterMode = TIM_COUNTERMODE_UP;
      |        ^
../Core/Src/main.c:490:28: error: 'TIM_COUNTERMODE_UP' undeclared (first use in this function)
  490 |   htim3.Init.CounterMode = TIM_COUNTERMODE_UP;
      |                            ^~~~~~~~~~~~~~~~~~
../Core/Src/main.c:491:8: error: request for member 'Init' in something not a structure or union
  491 |   htim3.Init.Period = 65535;
      |        ^
../Core/Src/main.c:492:8: error: request for member 'Init' in something not a structure or union
  492 |   htim3.Init.ClockDivision = TIM_CLOCKDIVISION_DIV1;
      |        ^
../Core/Src/main.c:492:30: error: 'TIM_CLOCKDIVISION_DIV1' undeclared (first use in this function)
  492 |   htim3.Init.ClockDivision = TIM_CLOCKDIVISION_DIV1;
      |                              ^~~~~~~~~~~~~~~~~~~~~~
../Core/Src/main.c:493:8: error: request for member 'Init' in something not a structure or union
  493 |   htim3.Init.AutoReloadPreload = TIM_AUTORELOAD_PRELOAD_DISABLE;
      |        ^
../Core/Src/main.c:493:34: error: 'TIM_AUTORELOAD_PRELOAD_DISABLE' undeclared (first use in this function)
  493 |   htim3.Init.AutoReloadPreload = TIM_AUTORELOAD_PRELOAD_DISABLE;
      |                                  ^~~~~~~~~~~~~~~~~~~~~~~~~~~~~~
../Core/Src/main.c:498:21: error: request for member 'ClockSource' in something not a structure or union
  498 |   sClockSourceConfig.ClockSource = TIM_CLOCKSOURCE_INTERNAL;
      |                     ^
../Core/Src/main.c:498:36: error: 'TIM_CLOCKSOURCE_INTERNAL' undeclared (first use in this function)
  498 |   sClockSourceConfig.ClockSource = TIM_CLOCKSOURCE_INTERNAL;
      |                                    ^~~~~~~~~~~~~~~~~~~~~~~~
../Core/Src/main.c:503:16: error: request for member 'MasterOutputTrigger' in something not a structure or union
  503 |   sMasterConfig.MasterOutputTrigger = TIM_TRGO_RESET;
      |                ^
../Core/Src/main.c:503:39: error: 'TIM_TRGO_RESET' undeclared (first use in this function)
  503 |   sMasterConfig.MasterOutputTrigger = TIM_TRGO_RESET;
      |                                       ^~~~~~~~~~~~~~
../Core/Src/main.c:504:16: error: request for member 'MasterSlaveMode' in something not a structure or union
  504 |   sMasterConfig.MasterSlaveMode = TIM_MASTERSLAVEMODE_DISABLE;
      |                ^
../Core/Src/main.c:504:35: error: 'TIM_MASTERSLAVEMODE_DISABLE' undeclared (first use in this function)
  504 |   sMasterConfig.MasterSlaveMode = TIM_MASTERSLAVEMODE_DISABLE;
      |                                   ^~~~~~~~~~~~~~~~~~~~~~~~~~~
make: *** [Core/Src/subdir.mk:34: Core/Src/main.o] Error 1
"make -j8 all" terminated with exit code 2. Build might be incomplete.

18:01:41 Build Failed. 81 errors, 17 warnings. (took 2s.852ms)

